app/seeds.txt
com.adkom666.shrednotes.R$style: int TextAppearance_AppCompat_Display2
com.adkom666.shrednotes.R$dimen: int abc_dialog_padding_material
com.adkom666.shrednotes.R$styleable: int ActionMode_titleTextStyle
com.adkom666.shrednotes.R$dimen: int notification_media_narrow_margin
com.adkom666.shrednotes.R$styleable: int AppCompatTheme_actionModeCloseButtonStyle
com.adkom666.shrednotes.R$dimen: int notification_right_side_padding_top
com.adkom666.shrednotes.R$style: int Base_V7_Theme_AppCompat
com.adkom666.shrednotes.R$styleable: int AppCompatTheme_alertDialogTheme
com.adkom666.shrednotes.R$style: int Base_TextAppearance_AppCompat_Widget_ActionBar_Subtitle
com.adkom666.shrednotes.R$interpolator: int btn_checkbox_checked_mtrl_animation_interpolator_0
com.adkom666.shrednotes.R$style: int Base_Widget_AppCompat_Light_ActionBar_TabText_Inverse
com.adkom666.shrednotes.R$string: int abc_shareactionprovider_share_with
com.adkom666.shrednotes.R$styleable: int AppCompatTheme_alertDialogStyle
com.adkom666.shrednotes.R$dimen: int abc_text_size_caption_material
com.adkom666.shrednotes.R$styleable: int GradientColorItem_android_offset
com.adkom666.shrednotes.BuildConfig: java.lang.String FLAVOR
com.adkom666.shrednotes.R$attr: int layout_constraintLeft_toLeftOf
com.adkom666.shrednotes.R$attr: int firstBaselineToTopHeight
com.adkom666.shrednotes.R$styleable: int View_paddingStart
com.adkom666.shrednotes.R$attr: int layout_constraintWidth_default
com.adkom666.shrednotes.R$color: int secondary_text_default_material_dark
com.adkom666.shrednotes.R$styleable: int Toolbar_contentInsetRight
com.adkom666.shrednotes.R$attr: int buttonBarPositiveButtonStyle
com.adkom666.shrednotes.R$attr: int layout_constraintCircle
com.adkom666.shrednotes.R$drawable: int notification_template_icon_bg
com.adkom666.shrednotes.R$color: int primary_material_dark
com.adkom666.shrednotes.R$styleable: int TextAppearance_android_textSize
com.adkom666.shrednotes.R$color: int bright_foreground_material_dark
com.adkom666.shrednotes.R$style: int Base_Widget_AppCompat_DropDownItem_Spinner
com.adkom666.shrednotes.R$style: int Theme_AppCompat_Dialog_MinWidth
com.adkom666.shrednotes.R$drawable: int abc_switch_thumb_material
com.adkom666.shrednotes.R$style: int TextAppearance_AppCompat_Widget_ActionBar_Subtitle_Inverse
com.adkom666.shrednotes.R$styleable: int ConstraintSet_android_translationZ
com.adkom666.shrednotes.R$styleable: int SearchView_closeIcon
com.adkom666.shrednotes.R$style: int ThemeOverlay_AppCompat_Dialog
com.adkom666.shrednotes.R$id: int groups
com.adkom666.shrednotes.R$attr: int ratingBarStyleSmall
com.adkom666.shrednotes.R$styleable: int[] AppCompatTextHelper
com.adkom666.shrednotes.R$styleable: int SearchView_voiceIcon
com.adkom666.shrednotes.R$drawable: int abc_ic_menu_selectall_mtrl_alpha
com.adkom666.shrednotes.R$id: int accessibility_custom_action_11
com.adkom666.shrednotes.R
com.adkom666.shrednotes.R$attr: int textAppearancePopupMenuHeader
com.adkom666.shrednotes.R$interpolator: int btn_checkbox_unchecked_mtrl_animation_interpolator_1
com.adkom666.shrednotes.R$style: int Platform_ThemeOverlay_AppCompat
com.adkom666.shrednotes.R$styleable: int ConstraintLayout_Layout_barrierAllowsGoneWidgets
com.adkom666.shrednotes.R$id: int edit_query
com.adkom666.shrednotes.R$attr: int actionBarTabStyle
com.adkom666.shrednotes.R$id: int home
com.adkom666.shrednotes.R$style: int Widget_AppCompat_SeekBar
com.adkom666.shrednotes.R$layout: int abc_dialog_title_material
com.adkom666.shrednotes.R$id
com.adkom666.shrednotes.R$styleable: int AppCompatTextView_textLocale
com.adkom666.shrednotes.R$id: int text2
com.adkom666.shrednotes.R$styleable: int SwitchCompat_thumbTintMode
com.adkom666.shrednotes.R$styleable: int AppCompatTheme_listPreferredItemPaddingEnd
com.adkom666.shrednotes.R$dimen: int abc_action_bar_overflow_padding_end_material
com.adkom666.shrednotes.R$attr
com.adkom666.shrednotes.R$attr: int colorSwitchThumbNormal
...
androidx.annotation.RestrictTo$Scope: androidx.annotation.RestrictTo$Scope LIBRARY_GROUP
androidx.constraintlayout.widget.ConstraintLayout: android.view.ViewGroup$LayoutParams generateLayoutParams(android.view.ViewGroup$LayoutParams)
kotlin.collections.ArraysKt___ArraysJvmKt: byte[] copyInto$default(byte[],byte[],int,int,int,int,java.lang.Object)
kotlin.collections.ArraysKt___ArraysKt: int lastIndexOf(java.lang.Object[],java.lang.Object)
androidx.core.graphics.ShaderKt: void transform(android.graphics.Shader,kotlin.jvm.functions.Function1)
kotlin.LazyThreadSafetyMode: kotlin.LazyThreadSafetyMode[] values()
androidx.appcompat.R$drawable: int abc_cab_background_top_mtrl_alpha
androidx.core.graphics.RectKt: android.graphics.Region minus(android.graphics.RectF,android.graphics.RectF)
androidx.core.app.NotificationCompat$MessagingStyle: int MAXIMUM_RETAINED_MESSAGES
kotlin.collections.ArraysKt___ArraysKt: java.lang.Appendable joinTo$default(int[],java.lang.Appendable,java.lang.CharSequence,java.lang.CharSequence,java.lang.CharSequence,int,java.lang.CharSequence,kotlin.jvm.functions.Function1,int,java.lang.Object)
androidx.activity.R$styleable: int FontFamilyFont_fontStyle
kotlin.collections.MapsKt__MapsKt: java.util.Map filter(java.util.Map,kotlin.jvm.functions.Function1)
androidx.core.app.NotificationCompatExtras: java.lang.String EXTRA_ACTION_EXTRAS
kotlin.collections.ArraysKt___ArraysKt: java.util.List sortedBy(float[],kotlin.jvm.functions.Function1)
kotlin.ranges.UIntProgression: int getStep()
androidx.constraintlayout.solver.widgets.ConstraintWidget: void setFrame(int,int,int,int)
androidx.core.graphics.drawable.RoundedBitmapDrawable: void setTargetDensity(android.graphics.Canvas)
kotlin.sequences.SequencesKt__SequencesKt$ifEmpty$1: kotlin.jvm.functions.Function0 $defaultValue
kotlin.random.KotlinRandom: kotlin.random.Random impl
androidx.fragment.R$styleable: int[] GradientColorItem
kotlin.sequences.SequencesKt___SequencesKt$groupingBy$1: SequencesKt___SequencesKt$groupingBy$1(kotlin.sequences.Sequence,kotlin.jvm.functions.Function1)
androidx.vectordrawable.graphics.drawable.VectorDrawableCommon: boolean onLevelChange(int)
androidx.constraintlayout.widget.ConstraintLayout$LayoutParams: int matchConstraintMinHeight
kotlin.collections.SetsKt__SetsKt: java.util.HashSet hashSetOf(java.lang.Object[])
kotlin.collections.ArraysKt___ArraysKt: java.util.List distinct(long[])
kotlin.collections.ArraysKt___ArraysJvmKt$asList$3: boolean isEmpty()
androidx.fragment.app.Fragment: boolean shouldShowRequestPermissionRationale(java.lang.String)
androidx.fragment.app.FragmentPagerAdapter: FragmentPagerAdapter(androidx.fragment.app.FragmentManager,int)
kotlin.collections.ArraysKt___ArraysKt: java.util.Map associateBy(java.lang.Object[],kotlin.jvm.functions.Function1)
kotlin.jvm.internal.markers.KMutableCollection
androidx.core.app.NotificationCompat$Builder: androidx.core.app.NotificationCompat$Builder setRemoteInputHistory(java.lang.CharSequence[])
androidx.customview.widget.ViewDragHelper: boolean checkTouchSlop(int)
org.intellij.lang.annotations.Flow
androidx.core.graphics.drawable.DrawableCompat
androidx.appcompat.widget.ListPopupWindow: boolean performItemClick(int)
androidx.appcompat.view.SupportMenuInflater: void inflate(int,android.view.Menu)
kotlin.text.CharCategory: kotlin.text.CharCategory FINAL_QUOTE_PUNCTUATION
kotlin.sequences.SequencesKt___SequencesKt: java.lang.Object first(kotlin.sequences.Sequence,kotlin.jvm.functions.Function1)
androidx.vectordrawable.animated.R$dimen: int compat_notification_large_icon_max_height
androidx.viewpager.widget.ViewPager: int getPageMargin()
kotlin.ranges.RangesKt__RangesJVMKt: kotlin.ranges.ClosedFloatingPointRange rangeTo(float,float)
androidx.appcompat.graphics.drawable.DrawableContainer: int getMinimumWidth()
androidx.core.view.ViewGroupKt: void minusAssign(android.view.ViewGroup,android.view.View)
androidx.fragment.app.ListFragment