app/mapping.txt
# compiler: R8
# compiler_version: 1.5.69
# min_api: 21
# pg_map_id: 931f24c
com.adkom666.shrednotes.BuildConfig -> com.adkom666.shrednotes.BuildConfig:
    7:7:void <clinit>() -> <clinit>
    6:6:void <init>() -> <init>
com.adkom666.shrednotes.MainActivity -> com.adkom666.shrednotes.MainActivity:
    java.util.HashMap _$_findViewCache -> t
    6:6:void <init>() -> <init>
    9:11:void onCreate(android.os.Bundle) -> onCreate
com.adkom666.shrednotes.R -> com.adkom666.shrednotes.R:
    10:10:void <init>() -> <init>
com.adkom666.shrednotes.R$anim -> com.adkom666.shrednotes.R$anim:
    11:11:void <init>() -> <init>
com.adkom666.shrednotes.R$attr -> com.adkom666.shrednotes.R$attr:
    37:37:void <init>() -> <init>
com.adkom666.shrednotes.R$bool -> com.adkom666.shrednotes.R$bool:
    3112:3112:void <init>() -> <init>
com.adkom666.shrednotes.R$color -> com.adkom666.shrednotes.R$color:
    3117:3117:void <init>() -> <init>
com.adkom666.shrednotes.R$dimen -> com.adkom666.shrednotes.R$dimen:
    3217:3217:void <init>() -> <init>
com.adkom666.shrednotes.R$drawable -> com.adkom666.shrednotes.R$drawable:
    3336:3336:void <init>() -> <init>
com.adkom666.shrednotes.R$id -> com.adkom666.shrednotes.R$id:
    3447:3447:void <init>() -> <init>
com.adkom666.shrednotes.R$integer -> com.adkom666.shrednotes.R$integer:
    3631:3631:void <init>() -> <init>
com.adkom666.shrednotes.R$interpolator -> com.adkom666.shrednotes.R$interpolator:
    3638:3638:void <init>() -> <init>
com.adkom666.shrednotes.R$layout -> com.adkom666.shrednotes.R$layout:
    3647:3647:void <init>() -> <init>
com.adkom666.shrednotes.R$mipmap -> com.adkom666.shrednotes.R$mipmap:
    3689:3689:void <init>() -> <init>
com.adkom666.shrednotes.R$string -> com.adkom666.shrednotes.R$string:
    3693:3693:void <init>() -> <init>
com.adkom666.shrednotes.R$style -> com.adkom666.shrednotes.R$style:
    3725:3725:void <init>() -> <init>
com.adkom666.shrednotes.R$styleable -> com.adkom666.shrednotes.R$styleable:
    4149:13926:void <clinit>() -> <clinit>
    4077:4077:void <init>() -> <init>
...
kotlin.ranges.IntProgression -> kotlin.ranges.IntProgression:
    int last -> b
    int step -> c
    int first -> a
    73:80:void <init>(int,int,int) -> <init>
    105:106:boolean equals(java.lang.Object) -> equals
    87:87:int getFirst() -> getFirst
    92:92:int getLast() -> getLast
    97:97:int getStep() -> getStep
    109:109:int hashCode() -> hashCode
    102:102:boolean isEmpty() -> isEmpty
    72:72:java.util.Iterator iterator() -> iterator
    99:99:kotlin.collections.IntIterator iterator() -> iterator
    111:111:java.lang.String toString() -> toString
kotlin.ranges.IntProgression$Companion -> kotlin.ranges.IntProgression$Companion:
    113:113:void <init>() -> <init>
    113:113:void <init>(kotlin.jvm.internal.DefaultConstructorMarker) -> <init>
    122:122:kotlin.ranges.IntProgression fromClosedRange(int,int,int) -> fromClosedRange
kotlin.ranges.IntProgressionIterator -> kotlin.ranges.IntProgressionIterator:
    int step -> d
    boolean hasNext -> b
    int next -> c
    int finalElement -> a
    38:41:void <init>(int,int,int) -> <init>
    38:38:int getStep() -> getStep
    43:43:boolean hasNext() -> hasNext
    46:54:int nextInt() -> nextInt
kotlin.ranges.IntRange -> kotlin.ranges.IntRange:
    kotlin.ranges.IntRange EMPTY -> d
    58:58:void <clinit>() -> <clinit>
    39:39:void <init>(int,int) -> <init>
    39:39:kotlin.ranges.IntRange access$getEMPTY$cp() -> access$getEMPTY$cp
    39:39:boolean contains(java.lang.Comparable) -> contains
    43:43:boolean contains(int) -> contains
    48:49:boolean equals(java.lang.Object) -> equals
    39:39:java.lang.Comparable getEndInclusive() -> getEndInclusive
    41:41:java.lang.Integer getEndInclusive() -> getEndInclusive
    39:39:java.lang.Comparable getStart() -> getStart
    40:40:java.lang.Integer getStart() -> getStart
    52:52:int hashCode() -> hashCode
    45:45:boolean isEmpty() -> isEmpty
    54:54:java.lang.String toString() -> toString
kotlin.ranges.IntRange$Companion -> kotlin.ranges.IntRange$Companion:
    56:56:void <init>() -> <init>
    56:56:void <init>(kotlin.jvm.internal.DefaultConstructorMarker) -> <init>
    58:58:kotlin.ranges.IntRange getEMPTY() -> getEMPTY
kotlin.ranges.LongProgression -> kotlin.ranges.LongProgression:
    long last -> b
    long first -> a
    long step -> c
    130:137:void <init>(long,long,long) -> <init>
    162:163:boolean equals(java.lang.Object) -> equals
    144:144:long getFirst() -> getFirst
    149:149:long getLast() -> getLast
    154:154:long getStep() -> getStep
    166:166:int hashCode() -> hashCode
    159:159:boolean isEmpty() -> isEmpty
    129:129:java.util.Iterator iterator() -> iterator
    156:156:kotlin.collections.LongIterator iterator() -> iterator
    168:168:java.lang.String toString() -> toString
kotlin.ranges.LongProgression$Companion -> kotlin.ranges.LongProgression$Companion:
    170:170:void <init>() -> <init>
    170:170:void <init>(kotlin.jvm.internal.DefaultConstructorMarker) -> <init>
    179:179:kotlin.ranges.LongProgression fromClosedRange(long,long,long) -> fromClosedRange
kotlin.ranges.LongProgressionIterator -> kotlin.ranges.LongProgressionIterator:
    long finalElement -> a
    long step -> d
    long next -> c
    boolean hasNext -> b
    62:65:void <init>(long,long,long) -> <init>
    62:62:long getStep() -> getStep
    67:67:boolean hasNext() -> hasNext
    70:78:long nextLong() -> nextLong