app/unused.txt
androidx.appcompat.app.AppCompatDelegateImpl
    android.view.ViewGroup getSubDecor()
    private static final boolean DEBUG
    static final java.lang.String EXCEPTION_HANDLER_MESSAGE_SUFFIX
androidx.core.text.util.FindAddress
    public static boolean isValidZipCode(java.lang.String,java.lang.String)
    public static boolean isValidZipCode(java.lang.String)
    private void <init>()
    private static final int MIN_ADDRESS_WORDS
    private static final int MAX_ADDRESS_WORDS
    private static final int MAX_ADDRESS_LINES
    private static final int kMaxAddressNameWordLength
    private static final int MAX_LOCATION_NAME_DISTANCE
    private static final java.lang.String NL
    private static final java.lang.String SP
    private static final java.lang.String WS
    private static final java.lang.String WORD_DELIM
    private static final java.lang.String WORD_END
    private static final java.lang.String HOUSE_POST_DELIM
    private static final java.lang.String HOUSE_END
    private static final java.lang.String HOUSE_PRE_DELIM
    private static final java.lang.String HOUSE_COMPONENT
androidx.constraintlayout.solver.widgets.ConstraintTableLayout$VerticalSlice
    int padding
androidx.collection.SimpleArrayMap
    private static final boolean DEBUG
    private static final java.lang.String TAG
    private static final boolean CONCURRENT_MODIFICATION_EXCEPTIONS
    private static final int BASE_SIZE
    private static final int CACHE_SIZE
kotlin.contracts.ContractBuilderKt
    private static final void contract(kotlin.jvm.functions.Function1)
androidx.core.graphics.TypefaceCompatUtil
    private static final java.lang.String TAG
    private static final java.lang.String CACHE_FILE_PREFIX
androidx.appcompat.app.ResourcesFlusher
    private void <init>()
    private static final java.lang.String TAG
kotlin.concurrent.ThreadsKt
    private static final java.lang.Object getOrSet(java.lang.ThreadLocal,kotlin.jvm.functions.Function0)
androidx.appcompat.widget.ActionMenuView$LayoutParams
    void <init>(int,int,boolean)
androidx.versionedparcelable.ParcelUtils
    private static final java.lang.String INNER_BUNDLE_KEY
androidx.appcompat.app.AlertController$ButtonHandler
    private static final int MSG_DISMISS_DIALOG
kotlin.collections.ArraysKt___ArraysJvmKt
    private static final java.lang.Object elementAt(java.lang.Object[],int)
    private static final byte elementAt(byte[],int)
    private static final short elementAt(short[],int)
    private static final int elementAt(int[],int)
    private static final long elementAt(long[],int)
    private static final float elementAt(float[],int)
    private static final double elementAt(double[],int)
    private static final boolean elementAt(boolean[],int)
    private static final char elementAt(char[],int)
    private static final boolean contentDeepEqualsInline(java.lang.Object[],java.lang.Object[])
    private static final int contentDeepHashCodeInline(java.lang.Object[])
    private static final java.lang.String contentDeepToStringInline(java.lang.Object[])
    private static final boolean contentEquals(java.lang.Object[],java.lang.Object[])
    private static final boolean contentEquals(byte[],byte[])
    private static final boolean contentEquals(short[],short[])
    private static final boolean contentEquals(int[],int[])
    private static final boolean contentEquals(long[],long[])
    private static final boolean contentEquals(float[],float[])
    private static final boolean contentEquals(double[],double[])
    private static final boolean contentEquals(boolean[],boolean[])
    private static final boolean contentEquals(char[],char[])
    private static final int contentHashCode(java.lang.Object[])